L 06/09/2026 - 23:44:23: Start of error session.
L 06/09/2026 - 23:44:23: Info (map "de_dust2") (file "addons/amxmodx/logs/error_20260609.log")
L 06/09/2026 - 23:44:23: [AMXX] Plugin file open error (plugin "CSDM_ReAPI/csdm_core.amxx")
L 06/09/2026 - 23:44:23: [AMXX] Plugin file open error (plugin "CSDM_ReAPI/csdm_equip_manager.amxx")
L 06/09/2026 - 23:44:23: [AMXX] Plugin file open error (plugin "CSDM_ReAPI/csdm_map_cleaner.amxx")
L 06/09/2026 - 23:44:23: [AMXX] Plugin file open error (plugin "CSDM_ReAPI/csdm_misc.amxx")
L 06/09/2026 - 23:44:23: [AMXX] Plugin file open error (plugin "CSDM_ReAPI/csdm_protection.amxx")
L 06/09/2026 - 23:44:23: [AMXX] Plugin file open error (plugin "CSDM_ReAPI/csdm_spawn_manager.amxx")
L 06/09/2026 - 23:45:36: Start of error session.
L 06/09/2026 - 23:45:36: Info (map "de_dust2") (file "addons/amxmodx/logs/error_20260609.log")
L 06/09/2026 - 23:45:36: [AMXX] Plugin file open error (plugin "CSDM_ReAPI/csdm_core.amxx")
L 06/09/2026 - 23:45:36: [AMXX] Plugin file open error (plugin "CSDM_ReAPI/csdm_equip_manager.amxx")
L 06/09/2026 - 23:45:36: [AMXX] Plugin file open error (plugin "CSDM_ReAPI/csdm_map_cleaner.amxx")
L 06/09/2026 - 23:45:36: [AMXX] Plugin file open error (plugin "CSDM_ReAPI/csdm_misc.amxx")
L 06/09/2026 - 23:45:36: [AMXX] Plugin file open error (plugin "CSDM_ReAPI/csdm_protection.amxx")
L 06/09/2026 - 23:45:36: [AMXX] Plugin file open error (plugin "CSDM_ReAPI/csdm_spawn_manager.amxx")
L 06/09/2026 - 23:49:19: Start of error session.
L 06/09/2026 - 23:49:19: Info (map "de_dust2") (file "addons/amxmodx/logs/error_20260609.log")
L 06/09/2026 - 23:49:19: [AMXX] Plugin file open error (plugin "CSDM_ReAPI/csdm_core.amxx")
L 06/09/2026 - 23:49:19: [AMXX] Plugin file open error (plugin "CSDM_ReAPI/csdm_equip_manager.amxx")
L 06/09/2026 - 23:49:19: [AMXX] Plugin file open error (plugin "CSDM_ReAPI/csdm_map_cleaner.amxx")
L 06/09/2026 - 23:49:19: [AMXX] Plugin file open error (plugin "CSDM_ReAPI/csdm_misc.amxx")
L 06/09/2026 - 23:49:19: [AMXX] Plugin file open error (plugin "CSDM_ReAPI/csdm_protection.amxx")
L 06/09/2026 - 23:49:19: [AMXX] Plugin file open error (plugin "CSDM_ReAPI/csdm_spawn_manager.amxx")
L 06/09/2026 - 23:49:49: Start of error session.
L 06/09/2026 - 23:49:49: Info (map "de_dust2") (file "addons/amxmodx/logs/error_20260609.log")
L 06/09/2026 - 23:49:49: [AMXX] Plugin file open error (plugin "CSDM_ReAPI/csdm_core.amxx")
L 06/09/2026 - 23:49:49: [AMXX] Plugin file open error (plugin "CSDM_ReAPI/csdm_equip_manager.amxx")
L 06/09/2026 - 23:49:49: [AMXX] Plugin file open error (plugin "CSDM_ReAPI/csdm_map_cleaner.amxx")
L 06/09/2026 - 23:49:49: [AMXX] Plugin file open error (plugin "CSDM_ReAPI/csdm_misc.amxx")
L 06/09/2026 - 23:49:49: [AMXX] Plugin file open error (plugin "CSDM_ReAPI/csdm_protection.amxx")
L 06/09/2026 - 23:49:49: [AMXX] Plugin file open error (plugin "CSDM_ReAPI/csdm_spawn_manager.amxx")
L 06/09/2026 - 23:51:03: Start of error session.
L 06/09/2026 - 23:51:03: Info (map "de_dust2") (file "addons/amxmodx/logs/error_20260609.log")
L 06/09/2026 - 23:51:03: [AMXX] Plugin file open error (plugin "CSDM_ReAPI/csdm_core.amxx")
L 06/09/2026 - 23:51:03: [AMXX] Plugin file open error (plugin "CSDM_ReAPI/csdm_equip_manager.amxx")
L 06/09/2026 - 23:51:03: [AMXX] Plugin file open error (plugin "CSDM_ReAPI/csdm_map_cleaner.amxx")
L 06/09/2026 - 23:51:03: [AMXX] Plugin file open error (plugin "CSDM_ReAPI/csdm_misc.amxx")
L 06/09/2026 - 23:51:03: [AMXX] Plugin file open error (plugin "CSDM_ReAPI/csdm_protection.amxx")
L 06/09/2026 - 23:51:03: [AMXX] Plugin file open error (plugin "CSDM_ReAPI/csdm_spawn_manager.amxx")
L 06/09/2026 - 23:53:11: Start of error session.
L 06/09/2026 - 23:53:11: Info (map "de_dust2") (file "addons/amxmodx/logs/error_20260609.log")
L 06/09/2026 - 23:53:11: [AMXX] Plugin file open error (plugin "CSDM_ReAPI/csdm_core.amxx")
L 06/09/2026 - 23:53:11: [AMXX] Plugin file open error (plugin "CSDM_ReAPI/csdm_equip_manager.amxx")
L 06/09/2026 - 23:53:11: [AMXX] Plugin file open error (plugin "CSDM_ReAPI/csdm_map_cleaner.amxx")
L 06/09/2026 - 23:53:11: [AMXX] Plugin file open error (plugin "CSDM_ReAPI/csdm_misc.amxx")
L 06/09/2026 - 23:53:11: [AMXX] Plugin file open error (plugin "CSDM_ReAPI/csdm_protection.amxx")
L 06/09/2026 - 23:53:11: [AMXX] Plugin file open error (plugin "CSDM_ReAPI/csdm_spawn_manager.amxx")
L 06/09/2026 - 23:53:49: Start of error session.
L 06/09/2026 - 23:53:49: Info (map "de_dust2") (file "addons/amxmodx/logs/error_20260609.log")
L 06/09/2026 - 23:53:49: [AMXX] Plugin file open error (plugin "CSDM_ReAPI/csdm_core.amxx")
L 06/09/2026 - 23:53:49: [AMXX] Plugin file open error (plugin "CSDM_ReAPI/csdm_equip_manager.amxx")
L 06/09/2026 - 23:53:49: [AMXX] Plugin file open error (plugin "CSDM_ReAPI/csdm_map_cleaner.amxx")
L 06/09/2026 - 23:53:49: [AMXX] Plugin file open error (plugin "CSDM_ReAPI/csdm_misc.amxx")
L 06/09/2026 - 23:53:49: [AMXX] Plugin file open error (plugin "CSDM_ReAPI/csdm_protection.amxx")
L 06/09/2026 - 23:53:49: [AMXX] Plugin file open error (plugin "CSDM_ReAPI/csdm_spawn_manager.amxx")
