L 06/10/2026 - 00:01:57: Start of error session.
L 06/10/2026 - 00:01:57: Info (map "awp_coco_v1") (file "addons/amxmodx/logs/error_20260610.log")
L 06/10/2026 - 00:01:57: [AMXX] Plugin file open error (plugin "CSDM_ReAPI/csdm_core.amxx")
L 06/10/2026 - 00:01:57: [AMXX] Plugin file open error (plugin "CSDM_ReAPI/csdm_equip_manager.amxx")
L 06/10/2026 - 00:01:57: [AMXX] Plugin file open error (plugin "CSDM_ReAPI/csdm_map_cleaner.amxx")
L 06/10/2026 - 00:01:57: [AMXX] Plugin file open error (plugin "CSDM_ReAPI/csdm_misc.amxx")
L 06/10/2026 - 00:01:57: [AMXX] Plugin file open error (plugin "CSDM_ReAPI/csdm_protection.amxx")
L 06/10/2026 - 00:01:57: [AMXX] Plugin file open error (plugin "CSDM_ReAPI/csdm_spawn_manager.amxx")
L 06/10/2026 - 00:10:14: Start of error session.
L 06/10/2026 - 00:10:14: Info (map "awp_coco_v1") (file "addons/amxmodx/logs/error_20260610.log")
L 06/10/2026 - 00:10:14: [AMXX] Plugin file open error (plugin "CSDM_ReAPI/csdm_core.amxx")
L 06/10/2026 - 00:10:14: [AMXX] Plugin file open error (plugin "CSDM_ReAPI/csdm_equip_manager.amxx")
L 06/10/2026 - 00:10:14: [AMXX] Plugin file open error (plugin "CSDM_ReAPI/csdm_map_cleaner.amxx")
L 06/10/2026 - 00:10:14: [AMXX] Plugin file open error (plugin "CSDM_ReAPI/csdm_misc.amxx")
L 06/10/2026 - 00:10:14: [AMXX] Plugin file open error (plugin "CSDM_ReAPI/csdm_protection.amxx")
L 06/10/2026 - 00:10:14: [AMXX] Plugin file open error (plugin "CSDM_ReAPI/csdm_spawn_manager.amxx")
L 06/10/2026 - 00:14:33: Start of error session.
L 06/10/2026 - 00:14:33: Info (map "awp_coco_v1") (file "addons/amxmodx/logs/error_20260610.log")
L 06/10/2026 - 00:14:33: [AMXX] Plugin file open error (plugin "CSDM_ReAPI/csdm_core.amxx")
L 06/10/2026 - 00:14:33: [AMXX] Plugin file open error (plugin "CSDM_ReAPI/csdm_equip_manager.amxx")
L 06/10/2026 - 00:14:33: [AMXX] Plugin file open error (plugin "CSDM_ReAPI/csdm_map_cleaner.amxx")
L 06/10/2026 - 00:14:33: [AMXX] Plugin file open error (plugin "CSDM_ReAPI/csdm_misc.amxx")
L 06/10/2026 - 00:14:33: [AMXX] Plugin file open error (plugin "CSDM_ReAPI/csdm_protection.amxx")
L 06/10/2026 - 00:14:33: [AMXX] Plugin file open error (plugin "CSDM_ReAPI/csdm_spawn_manager.amxx")
L 06/10/2026 - 00:22:05: Start of error session.
L 06/10/2026 - 00:22:05: Info (map "awp_coco_v1") (file "addons/amxmodx/logs/error_20260610.log")
L 06/10/2026 - 00:22:05: [AMXX] Plugin file open error (plugin "CSDM_ReAPI/csdm_core.amxx")
L 06/10/2026 - 00:22:05: [AMXX] Plugin file open error (plugin "CSDM_ReAPI/csdm_equip_manager.amxx")
L 06/10/2026 - 00:22:05: [AMXX] Plugin file open error (plugin "CSDM_ReAPI/csdm_map_cleaner.amxx")
L 06/10/2026 - 00:22:05: [AMXX] Plugin file open error (plugin "CSDM_ReAPI/csdm_misc.amxx")
L 06/10/2026 - 00:22:05: [AMXX] Plugin file open error (plugin "CSDM_ReAPI/csdm_protection.amxx")
L 06/10/2026 - 00:22:05: [AMXX] Plugin file open error (plugin "CSDM_ReAPI/csdm_spawn_manager.amxx")
L 06/10/2026 - 00:32:57: Start of error session.
L 06/10/2026 - 00:32:57: Info (map "awp_coco_v1") (file "addons/amxmodx/logs/error_20260610.log")
L 06/10/2026 - 00:32:57: [AMXX] Plugin file open error (plugin "csdm_main.amxx")
L 06/10/2026 - 00:32:57: [AMXX] Plugin file open error (plugin "csdm_equip.amxx")
L 06/10/2026 - 00:32:57: [AMXX] Plugin file open error (plugin "csdm_spawn_preset.amxx")
L 06/10/2026 - 00:32:57: [AMXX] Plugin file open error (plugin "awp_bunny_dm.amxx")
L 06/10/2026 - 00:32:57: [AMXX] Plugin file open error (plugin "CSDM_ReAPI/csdm_core.amxx")
L 06/10/2026 - 00:32:57: [AMXX] Plugin file open error (plugin "CSDM_ReAPI/csdm_equip_manager.amxx")
L 06/10/2026 - 00:32:57: [AMXX] Plugin file open error (plugin "CSDM_ReAPI/csdm_map_cleaner.amxx")
L 06/10/2026 - 00:32:57: [AMXX] Plugin file open error (plugin "CSDM_ReAPI/csdm_misc.amxx")
L 06/10/2026 - 00:32:57: [AMXX] Plugin file open error (plugin "CSDM_ReAPI/csdm_protection.amxx")
L 06/10/2026 - 00:32:57: [AMXX] Plugin file open error (plugin "CSDM_ReAPI/csdm_spawn_manager.amxx")
L 06/10/2026 - 00:35:51: Start of error session.
L 06/10/2026 - 00:35:51: Info (map "awp_coco_v1") (file "addons/amxmodx/logs/error_20260610.log")
L 06/10/2026 - 00:35:51: [AMXX] Plugin file open error (plugin "csdm_main.amxx")
L 06/10/2026 - 00:35:51: [AMXX] Plugin file open error (plugin "csdm_equip.amxx")
L 06/10/2026 - 00:35:51: [AMXX] Plugin file open error (plugin "csdm_spawn_preset.amxx")
L 06/10/2026 - 00:35:51: [AMXX] Plugin file open error (plugin "no_falldamage.amxx")
L 06/10/2026 - 00:35:51: [AMXX] Plugin file open error (plugin "CSDM_ReAPI/csdm_core.amxx")
L 06/10/2026 - 00:35:51: [AMXX] Plugin file open error (plugin "CSDM_ReAPI/csdm_equip_manager.amxx")
L 06/10/2026 - 00:35:51: [AMXX] Plugin file open error (plugin "CSDM_ReAPI/csdm_map_cleaner.amxx")
L 06/10/2026 - 00:35:51: [AMXX] Plugin file open error (plugin "CSDM_ReAPI/csdm_misc.amxx")
L 06/10/2026 - 00:35:52: [AMXX] Plugin file open error (plugin "CSDM_ReAPI/csdm_protection.amxx")
L 06/10/2026 - 00:35:52: [AMXX] Plugin file open error (plugin "CSDM_ReAPI/csdm_spawn_manager.amxx")
L 06/10/2026 - 22:42:32: Start of error session.
L 06/10/2026 - 22:42:32: Info (map "awp_coco_v1") (file "addons/amxmodx/logs/error_20260610.log")
L 06/10/2026 - 22:42:32: [AMXX] Plugin file open error (plugin "csdm_main.amxx")
L 06/10/2026 - 22:42:32: [AMXX] Plugin file open error (plugin "csdm_equip.amxx")
L 06/10/2026 - 22:42:32: [AMXX] Plugin file open error (plugin "csdm_spawn_preset.amxx")
L 06/10/2026 - 22:42:32: [AMXX] Plugin file open error (plugin "no_falldamage.amxx")
L 06/10/2026 - 22:42:32: [AMXX] Plugin file open error (plugin "CSDM_ReAPI/csdm_core.amxx")
L 06/10/2026 - 22:42:32: [AMXX] Plugin file open error (plugin "CSDM_ReAPI/csdm_equip_manager.amxx")
L 06/10/2026 - 22:42:32: [AMXX] Plugin file open error (plugin "CSDM_ReAPI/csdm_map_cleaner.amxx")
L 06/10/2026 - 22:42:33: [AMXX] Plugin file open error (plugin "CSDM_ReAPI/csdm_misc.amxx")
L 06/10/2026 - 22:42:33: [AMXX] Plugin file open error (plugin "CSDM_ReAPI/csdm_protection.amxx")
L 06/10/2026 - 22:42:33: [AMXX] Plugin file open error (plugin "CSDM_ReAPI/csdm_spawn_manager.amxx")
L 06/10/2026 - 22:51:33: Start of error session.
L 06/10/2026 - 22:51:33: Info (map "awp_coco_v1") (file "addons/amxmodx/logs/error_20260610.log")
L 06/10/2026 - 22:51:33: [AMXX] Plugin file open error (plugin "CSDM_ReAPI/csdm_core.amxx")
L 06/10/2026 - 22:51:33: [AMXX] Plugin file open error (plugin "CSDM_ReAPI/csdm_equip_manager.amxx")
L 06/10/2026 - 22:51:33: [AMXX] Plugin file open error (plugin "CSDM_ReAPI/csdm_map_cleaner.amxx")
L 06/10/2026 - 22:51:33: [AMXX] Plugin file open error (plugin "CSDM_ReAPI/csdm_misc.amxx")
L 06/10/2026 - 22:51:33: [AMXX] Plugin file open error (plugin "CSDM_ReAPI/csdm_protection.amxx")
L 06/10/2026 - 22:51:33: [AMXX] Plugin file open error (plugin "CSDM_ReAPI/csdm_spawn_manager.amxx")
L 06/10/2026 - 23:22:00: Start of error session.
L 06/10/2026 - 23:22:00: Info (map "awp_coco_v1") (file "addons/amxmodx/logs/error_20260610.log")
L 06/10/2026 - 23:22:00: [AMXX] Plugin file open error (plugin "no_fall_damage.amxx")
L 06/10/2026 - 23:22:00: [AMXX] Plugin file open error (plugin "CSDM_ReAPI/csdm_core.amxx")
L 06/10/2026 - 23:22:00: [AMXX] Plugin file open error (plugin "CSDM_ReAPI/csdm_equip_manager.amxx")
L 06/10/2026 - 23:22:00: [AMXX] Plugin file open error (plugin "CSDM_ReAPI/csdm_map_cleaner.amxx")
L 06/10/2026 - 23:22:04: [AMXX] Plugin file open error (plugin "CSDM_ReAPI/csdm_misc.amxx")
L 06/10/2026 - 23:22:04: [AMXX] Plugin file open error (plugin "CSDM_ReAPI/csdm_protection.amxx")
L 06/10/2026 - 23:22:04: [AMXX] Plugin file open error (plugin "CSDM_ReAPI/csdm_spawn_manager.amxx")
L 06/10/2026 - 23:30:39: Start of error session.
L 06/10/2026 - 23:30:39: Info (map "awp_coco_v1") (file "addons/amxmodx/logs/error_20260610.log")
L 06/10/2026 - 23:30:39: [AMXX] Plugin file open error (plugin "no_fall_damage.amxx")
L 06/10/2026 - 23:30:39: [AMXX] Plugin file open error (plugin "CSDM_ReAPI/csdm_core.amxx")
L 06/10/2026 - 23:30:39: [AMXX] Plugin file open error (plugin "CSDM_ReAPI/csdm_equip_manager.amxx")
L 06/10/2026 - 23:30:39: [AMXX] Plugin file open error (plugin "CSDM_ReAPI/csdm_map_cleaner.amxx")
L 06/10/2026 - 23:30:39: [AMXX] Plugin file open error (plugin "CSDM_ReAPI/csdm_misc.amxx")
L 06/10/2026 - 23:30:41: [AMXX] Plugin file open error (plugin "CSDM_ReAPI/csdm_protection.amxx")
L 06/10/2026 - 23:30:41: [AMXX] Plugin file open error (plugin "CSDM_ReAPI/csdm_spawn_manager.amxx")
