L 06/12/2026 - 01:43:10: Start of error session.
L 06/12/2026 - 01:43:10: Info (map "awp_coco_v1") (file "addons/amxmodx/logs/error_20260612.log")
L 06/12/2026 - 01:43:10: [AMXX] Plugin file open error (plugin "CSDM_ReAPI/csdm_core.amxx")
L 06/12/2026 - 01:43:10: [AMXX] Plugin file open error (plugin "CSDM_ReAPI/csdm_equip_manager.amxx")
L 06/12/2026 - 01:43:12: [AMXX] Plugin file open error (plugin "CSDM_ReAPI/csdm_map_cleaner.amxx")
L 06/12/2026 - 01:43:12: [AMXX] Plugin file open error (plugin "CSDM_ReAPI/csdm_misc.amxx")
L 06/12/2026 - 01:43:12: [AMXX] Plugin file open error (plugin "CSDM_ReAPI/csdm_protection.amxx")
L 06/12/2026 - 01:43:12: [AMXX] Plugin file open error (plugin "CSDM_ReAPI/csdm_spawn_manager.amxx")
L 06/12/2026 - 02:08:05: Start of error session.
L 06/12/2026 - 02:08:05: Info (map "awp_coco_v1") (file "addons/amxmodx/logs/error_20260612.log")
L 06/12/2026 - 02:08:05: [AMXX] Plugin file open error (plugin "CSDM_ReAPI/csdm_core.amxx")
L 06/12/2026 - 02:08:05: [AMXX] Plugin file open error (plugin "CSDM_ReAPI/csdm_equip_manager.amxx")
L 06/12/2026 - 02:08:05: [AMXX] Plugin file open error (plugin "CSDM_ReAPI/csdm_map_cleaner.amxx")
L 06/12/2026 - 02:08:07: [AMXX] Plugin file open error (plugin "CSDM_ReAPI/csdm_misc.amxx")
L 06/12/2026 - 02:08:07: [AMXX] Plugin file open error (plugin "CSDM_ReAPI/csdm_protection.amxx")
L 06/12/2026 - 02:08:07: [AMXX] Plugin file open error (plugin "CSDM_ReAPI/csdm_spawn_manager.amxx")
L 06/12/2026 - 02:20:16: Start of error session.
L 06/12/2026 - 02:20:16: Info (map "awp_coco_v1") (file "addons/amxmodx/logs/error_20260612.log")
L 06/12/2026 - 02:20:16: [AMXX] Plugin file open error (plugin "CSDM_ReAPI/csdm_core.amxx")
L 06/12/2026 - 02:20:16: [AMXX] Plugin file open error (plugin "CSDM_ReAPI/csdm_equip_manager.amxx")
L 06/12/2026 - 02:20:18: [AMXX] Plugin file open error (plugin "CSDM_ReAPI/csdm_map_cleaner.amxx")
L 06/12/2026 - 02:20:18: [AMXX] Plugin file open error (plugin "CSDM_ReAPI/csdm_misc.amxx")
L 06/12/2026 - 02:20:18: [AMXX] Plugin file open error (plugin "CSDM_ReAPI/csdm_protection.amxx")
L 06/12/2026 - 02:20:18: [AMXX] Plugin file open error (plugin "CSDM_ReAPI/csdm_spawn_manager.amxx")
L 06/12/2026 - 02:20:18: Failed to auto generate config for menu-reapi-weapons.amxx, make sure the directory has write permission.
L 06/12/2026 - 02:22:13: Start of error session.
L 06/12/2026 - 02:22:13: Info (map "awp_coco_v1") (file "addons/amxmodx/logs/error_20260612.log")
L 06/12/2026 - 02:22:13: [AMXX] Plugin file open error (plugin "CSDM_ReAPI/csdm_core.amxx")
L 06/12/2026 - 02:22:13: [AMXX] Plugin file open error (plugin "CSDM_ReAPI/csdm_equip_manager.amxx")
L 06/12/2026 - 02:22:13: [AMXX] Plugin file open error (plugin "CSDM_ReAPI/csdm_map_cleaner.amxx")
L 06/12/2026 - 02:22:13: [AMXX] Plugin file open error (plugin "CSDM_ReAPI/csdm_misc.amxx")
L 06/12/2026 - 02:22:15: [AMXX] Plugin file open error (plugin "CSDM_ReAPI/csdm_protection.amxx")
L 06/12/2026 - 02:22:15: [AMXX] Plugin file open error (plugin "CSDM_ReAPI/csdm_spawn_manager.amxx")
L 06/12/2026 - 02:27:24: Start of error session.
L 06/12/2026 - 02:27:24: Info (map "awp_coco_v1") (file "addons/amxmodx/logs/error_20260612.log")
L 06/12/2026 - 02:27:24: [AMXX] Plugin file open error (plugin "reWeapon")
L 06/12/2026 - 02:27:24: [AMXX] Plugin file open error (plugin "CSDM_ReAPI/csdm_core.amxx")
L 06/12/2026 - 02:27:24: [AMXX] Plugin file open error (plugin "CSDM_ReAPI/csdm_equip_manager.amxx")
L 06/12/2026 - 02:27:24: [AMXX] Plugin file open error (plugin "CSDM_ReAPI/csdm_map_cleaner.amxx")
L 06/12/2026 - 02:27:27: [AMXX] Plugin file open error (plugin "CSDM_ReAPI/csdm_misc.amxx")
L 06/12/2026 - 02:27:27: [AMXX] Plugin file open error (plugin "CSDM_ReAPI/csdm_protection.amxx")
L 06/12/2026 - 02:27:27: [AMXX] Plugin file open error (plugin "CSDM_ReAPI/csdm_spawn_manager.amxx")
L 06/12/2026 - 02:30:07: Start of error session.
L 06/12/2026 - 02:30:07: Info (map "awp_coco_v1") (file "addons/amxmodx/logs/error_20260612.log")
L 06/12/2026 - 02:30:07: [AMXX] Plugin file open error (plugin "CSDM_ReAPI/csdm_core.amxx")
L 06/12/2026 - 02:30:07: [AMXX] Plugin file open error (plugin "CSDM_ReAPI/csdm_equip_manager.amxx")
L 06/12/2026 - 02:30:07: [AMXX] Plugin file open error (plugin "CSDM_ReAPI/csdm_map_cleaner.amxx")
L 06/12/2026 - 02:30:08: [AMXX] Plugin file open error (plugin "CSDM_ReAPI/csdm_misc.amxx")
L 06/12/2026 - 02:30:08: [AMXX] Plugin file open error (plugin "CSDM_ReAPI/csdm_protection.amxx")
L 06/12/2026 - 02:30:08: [AMXX] Plugin file open error (plugin "CSDM_ReAPI/csdm_spawn_manager.amxx")
L 06/12/2026 - 14:07:26: Start of error session.
L 06/12/2026 - 14:07:26: Info (map "awp_coco_v1") (file "addons/amxmodx/logs/error_20260612.log")
L 06/12/2026 - 14:07:26: [AMXX] Plugin file open error (plugin "CSDM_ReAPI/csdm_core.amxx")
L 06/12/2026 - 14:07:26: [AMXX] Plugin file open error (plugin "CSDM_ReAPI/csdm_equip_manager.amxx")
L 06/12/2026 - 14:07:26: [AMXX] Plugin file open error (plugin "CSDM_ReAPI/csdm_map_cleaner.amxx")
L 06/12/2026 - 14:07:26: [AMXX] Plugin file open error (plugin "CSDM_ReAPI/csdm_misc.amxx")
L 06/12/2026 - 14:07:26: [AMXX] Plugin file open error (plugin "CSDM_ReAPI/csdm_protection.amxx")
L 06/12/2026 - 14:07:26: [AMXX] Plugin file open error (plugin "CSDM_ReAPI/csdm_spawn_manager.amxx")
L 06/12/2026 - 14:55:06: Start of error session.
L 06/12/2026 - 14:55:06: Info (map "awp_coco_v1") (file "addons/amxmodx/logs/error_20260612.log")
L 06/12/2026 - 14:55:06: [AMXX] Plugin file open error (plugin "CSDM_ReAPI/csdm_core.amxx")
L 06/12/2026 - 14:55:06: [AMXX] Plugin file open error (plugin "CSDM_ReAPI/csdm_equip_manager.amxx")
L 06/12/2026 - 14:55:06: [AMXX] Plugin file open error (plugin "CSDM_ReAPI/csdm_map_cleaner.amxx")
L 06/12/2026 - 14:55:06: [AMXX] Plugin file open error (plugin "CSDM_ReAPI/csdm_misc.amxx")
L 06/12/2026 - 14:55:06: [AMXX] Plugin file open error (plugin "CSDM_ReAPI/csdm_protection.amxx")
L 06/12/2026 - 14:55:06: [AMXX] Plugin file open error (plugin "CSDM_ReAPI/csdm_spawn_manager.amxx")
L 06/12/2026 - 15:01:05: Start of error session.
L 06/12/2026 - 15:01:05: Info (map "awp_coco_v1") (file "addons/amxmodx/logs/error_20260612.log")
L 06/12/2026 - 15:01:05: [AMXX] Plugin file open error (plugin "CSDM_ReAPI/csdm_core.amxx")
L 06/12/2026 - 15:01:05: [AMXX] Plugin file open error (plugin "CSDM_ReAPI/csdm_equip_manager.amxx")
L 06/12/2026 - 15:01:05: [AMXX] Plugin file open error (plugin "CSDM_ReAPI/csdm_map_cleaner.amxx")
L 06/12/2026 - 15:01:05: [AMXX] Plugin file open error (plugin "CSDM_ReAPI/csdm_misc.amxx")
L 06/12/2026 - 15:01:05: [AMXX] Plugin file open error (plugin "CSDM_ReAPI/csdm_protection.amxx")
L 06/12/2026 - 15:01:05: [AMXX] Plugin file open error (plugin "CSDM_ReAPI/csdm_spawn_manager.amxx")
L 06/12/2026 - 15:05:18: Start of error session.
L 06/12/2026 - 15:05:18: Info (map "awp_coco_v1") (file "addons/amxmodx/logs/error_20260612.log")
L 06/12/2026 - 15:05:18: [AMXX] Plugin file open error (plugin "CSDM_ReAPI/csdm_core.amxx")
L 06/12/2026 - 15:05:18: [AMXX] Plugin file open error (plugin "CSDM_ReAPI/csdm_equip_manager.amxx")
L 06/12/2026 - 15:05:18: [AMXX] Plugin file open error (plugin "CSDM_ReAPI/csdm_map_cleaner.amxx")
L 06/12/2026 - 15:05:18: [AMXX] Plugin file open error (plugin "CSDM_ReAPI/csdm_misc.amxx")
L 06/12/2026 - 15:05:18: [AMXX] Plugin file open error (plugin "CSDM_ReAPI/csdm_protection.amxx")
L 06/12/2026 - 15:05:18: [AMXX] Plugin file open error (plugin "CSDM_ReAPI/csdm_spawn_manager.amxx")
