L 06/11/2026 - 00:01:27: Start of error session.
L 06/11/2026 - 00:01:27: Info (map "awp_coco_v1") (file "addons/amxmodx/logs/error_20260611.log")
L 06/11/2026 - 00:01:27: [AMXX] Plugin file open error (plugin "CSDM_ReAPI/csdm_core.amxx")
L 06/11/2026 - 00:01:27: [AMXX] Plugin file open error (plugin "CSDM_ReAPI/csdm_equip_manager.amxx")
L 06/11/2026 - 00:01:28: [AMXX] Plugin file open error (plugin "CSDM_ReAPI/csdm_map_cleaner.amxx")
L 06/11/2026 - 00:01:28: [AMXX] Plugin file open error (plugin "CSDM_ReAPI/csdm_misc.amxx")
L 06/11/2026 - 00:01:28: [AMXX] Plugin file open error (plugin "CSDM_ReAPI/csdm_protection.amxx")
L 06/11/2026 - 00:01:29: [AMXX] Plugin file open error (plugin "CSDM_ReAPI/csdm_spawn_manager.amxx")
L 06/11/2026 - 00:06:21: Start of error session.
L 06/11/2026 - 00:06:21: Info (map "awp_coco_v1") (file "addons/amxmodx/logs/error_20260611.log")
L 06/11/2026 - 00:06:21: [AMXX] Plugin file open error (plugin "CSDM_ReAPI/csdm_core.amxx")
L 06/11/2026 - 00:06:21: [AMXX] Plugin file open error (plugin "CSDM_ReAPI/csdm_equip_manager.amxx")
L 06/11/2026 - 00:06:23: [AMXX] Plugin file open error (plugin "CSDM_ReAPI/csdm_map_cleaner.amxx")
L 06/11/2026 - 00:06:23: [AMXX] Plugin file open error (plugin "CSDM_ReAPI/csdm_misc.amxx")
L 06/11/2026 - 00:06:23: [AMXX] Plugin file open error (plugin "CSDM_ReAPI/csdm_protection.amxx")
L 06/11/2026 - 00:06:23: [AMXX] Plugin file open error (plugin "CSDM_ReAPI/csdm_spawn_manager.amxx")
L 06/11/2026 - 00:19:02: Start of error session.
L 06/11/2026 - 00:19:02: Info (map "awp_coco_v1") (file "addons/amxmodx/logs/error_20260611.log")
L 06/11/2026 - 00:19:02: [AMXX] Plugin file open error (plugin "CSDM_ReAPI/csdm_core.amxx")
L 06/11/2026 - 00:19:02: [AMXX] Plugin file open error (plugin "CSDM_ReAPI/csdm_equip_manager.amxx")
L 06/11/2026 - 00:19:04: [AMXX] Plugin file open error (plugin "CSDM_ReAPI/csdm_map_cleaner.amxx")
L 06/11/2026 - 00:19:04: [AMXX] Plugin file open error (plugin "CSDM_ReAPI/csdm_misc.amxx")
L 06/11/2026 - 00:19:04: [AMXX] Plugin file open error (plugin "CSDM_ReAPI/csdm_protection.amxx")
L 06/11/2026 - 00:19:04: [AMXX] Plugin file open error (plugin "CSDM_ReAPI/csdm_spawn_manager.amxx")
L 06/11/2026 - 00:29:52: Start of error session.
L 06/11/2026 - 00:29:52: Info (map "awp_coco_v1") (file "addons/amxmodx/logs/error_20260611.log")
L 06/11/2026 - 00:29:52: [AMXX] Plugin file open error (plugin "CSDM_ReAPI/csdm_core.amxx")
L 06/11/2026 - 00:29:52: [AMXX] Plugin file open error (plugin "CSDM_ReAPI/csdm_equip_manager.amxx")
L 06/11/2026 - 00:29:52: [AMXX] Plugin file open error (plugin "CSDM_ReAPI/csdm_map_cleaner.amxx")
L 06/11/2026 - 00:29:52: [AMXX] Plugin file open error (plugin "CSDM_ReAPI/csdm_misc.amxx")
L 06/11/2026 - 00:29:53: [AMXX] Plugin file open error (plugin "CSDM_ReAPI/csdm_protection.amxx")
L 06/11/2026 - 00:29:53: [AMXX] Plugin file open error (plugin "CSDM_ReAPI/csdm_spawn_manager.amxx")
L 06/11/2026 - 00:34:05: Start of error session.
L 06/11/2026 - 00:34:05: Info (map "awp_coco_v1") (file "addons/amxmodx/logs/error_20260611.log")
L 06/11/2026 - 00:34:05: [AMXX] Plugin file open error (plugin "CSDM_ReAPI/csdm_core.amxx")
L 06/11/2026 - 00:34:05: [AMXX] Plugin file open error (plugin "CSDM_ReAPI/csdm_equip_manager.amxx")
L 06/11/2026 - 00:34:07: [AMXX] Plugin file open error (plugin "CSDM_ReAPI/csdm_map_cleaner.amxx")
L 06/11/2026 - 00:34:07: [AMXX] Plugin file open error (plugin "CSDM_ReAPI/csdm_misc.amxx")
L 06/11/2026 - 00:34:07: [AMXX] Plugin file open error (plugin "CSDM_ReAPI/csdm_protection.amxx")
L 06/11/2026 - 00:34:07: [AMXX] Plugin file open error (plugin "CSDM_ReAPI/csdm_spawn_manager.amxx")
L 06/11/2026 - 00:35:27: Start of error session.
L 06/11/2026 - 00:35:27: Info (map "awp_coco_v1") (file "addons/amxmodx/logs/error_20260611.log")
L 06/11/2026 - 00:35:27: [AMXX] Plugin file open error (plugin "CSDM_ReAPI/csdm_core.amxx")
L 06/11/2026 - 00:35:27: [AMXX] Plugin file open error (plugin "CSDM_ReAPI/csdm_equip_manager.amxx")
L 06/11/2026 - 00:35:27: [AMXX] Plugin file open error (plugin "CSDM_ReAPI/csdm_map_cleaner.amxx")
L 06/11/2026 - 00:35:27: [AMXX] Plugin file open error (plugin "CSDM_ReAPI/csdm_misc.amxx")
L 06/11/2026 - 00:35:29: [AMXX] Plugin file open error (plugin "CSDM_ReAPI/csdm_protection.amxx")
L 06/11/2026 - 00:35:29: [AMXX] Plugin file open error (plugin "CSDM_ReAPI/csdm_spawn_manager.amxx")
L 06/11/2026 - 00:53:57: Start of error session.
L 06/11/2026 - 00:53:57: Info (map "awp_coco_v1") (file "addons/amxmodx/logs/error_20260611.log")
L 06/11/2026 - 00:53:57: [AMXX] Plugin file open error (plugin "CSDM_ReAPI/csdm_core.amxx")
L 06/11/2026 - 00:53:57: [AMXX] Plugin file open error (plugin "CSDM_ReAPI/csdm_equip_manager.amxx")
L 06/11/2026 - 00:53:57: [AMXX] Plugin file open error (plugin "CSDM_ReAPI/csdm_map_cleaner.amxx")
L 06/11/2026 - 00:53:58: [AMXX] Plugin file open error (plugin "CSDM_ReAPI/csdm_misc.amxx")
L 06/11/2026 - 00:53:59: [AMXX] Plugin file open error (plugin "CSDM_ReAPI/csdm_protection.amxx")
L 06/11/2026 - 00:53:59: [AMXX] Plugin file open error (plugin "CSDM_ReAPI/csdm_spawn_manager.amxx")
