L 06/11/2026 - 00:01:26: GameConfig CRC computed engine=D9A5B505 (D:\cs16server\swds.dll)
L 06/11/2026 - 00:01:27: GameConfig CRC computed server=B6824DBA (D:\cs16server\cstrike\dlls\mp.dll)
L 06/11/2026 - 00:01:27: GameConfig CRC mismatch for game "*" section "*" library "engine" platform "windows" expected 2C9EDE6B got D9A5B505
L 06/11/2026 - 00:01:27: GameConfig CRC mismatch for game "*" section "*" library "engine" platform "windows" expected 2C9EDE6B got D9A5B505
L 06/11/2026 - 00:01:27: -------- Mapchange to awp_coco_v1 --------
L 06/11/2026 - 00:01:27: [CSX] Could not load csstats file: cstrike\addons\amxmodx\data\csstats.dat
L 06/11/2026 - 00:01:29: [AMXX] Plugin "no_fall_damage.amx" failed to load: Plugin uses an unknown function (name "get_offset_float") - check your modules.ini.
L 06/11/2026 - 00:01:29: [AMXX] Plugin "change_models.amx" failed to load: Plugin uses an unknown function (name "get_offset_int") - check your modules.ini.
L 06/11/2026 - 00:06:21: GameConfig CRC computed engine=D9A5B505 (D:\cs16server\swds.dll)
L 06/11/2026 - 00:06:21: GameConfig CRC computed server=B6824DBA (D:\cs16server\cstrike\dlls\mp.dll)
L 06/11/2026 - 00:06:21: GameConfig CRC mismatch for game "*" section "*" library "engine" platform "windows" expected 2C9EDE6B got D9A5B505
L 06/11/2026 - 00:06:21: GameConfig CRC mismatch for game "*" section "*" library "engine" platform "windows" expected 2C9EDE6B got D9A5B505
L 06/11/2026 - 00:06:21: -------- Mapchange to awp_coco_v1 --------
L 06/11/2026 - 00:06:21: [CSX] Could not load csstats file: cstrike\addons\amxmodx\data\csstats.dat
L 06/11/2026 - 00:06:23: [AMXX] Plugin "no_fall_damage.amx" failed to load: Plugin uses an unknown function (name "get_offset_float") - check your modules.ini.
L 06/11/2026 - 00:06:23: [AMXX] Plugin "change_models.amx" failed to load: Plugin uses an unknown function (name "get_offset_int") - check your modules.ini.
L 06/11/2026 - 00:19:02: GameConfig CRC computed engine=D9A5B505 (D:\cs16server\swds.dll)
L 06/11/2026 - 00:19:02: GameConfig CRC computed server=B6824DBA (D:\cs16server\cstrike\dlls\mp.dll)
L 06/11/2026 - 00:19:02: GameConfig CRC mismatch for game "*" section "*" library "engine" platform "windows" expected 2C9EDE6B got D9A5B505
L 06/11/2026 - 00:19:02: GameConfig CRC mismatch for game "*" section "*" library "engine" platform "windows" expected 2C9EDE6B got D9A5B505
L 06/11/2026 - 00:19:02: -------- Mapchange to awp_coco_v1 --------
L 06/11/2026 - 00:19:02: [CSX] Could not load csstats file: cstrike\addons\amxmodx\data\csstats.dat
L 06/11/2026 - 00:29:51: GameConfig CRC computed engine=D9A5B505 (D:\cs16server\swds.dll)
L 06/11/2026 - 00:29:51: GameConfig CRC computed server=B6824DBA (D:\cs16server\cstrike\dlls\mp.dll)
L 06/11/2026 - 00:29:51: GameConfig CRC mismatch for game "*" section "*" library "engine" platform "windows" expected 2C9EDE6B got D9A5B505
L 06/11/2026 - 00:29:51: GameConfig CRC mismatch for game "*" section "*" library "engine" platform "windows" expected 2C9EDE6B got D9A5B505
L 06/11/2026 - 00:29:51: -------- Mapchange to awp_coco_v1 --------
L 06/11/2026 - 00:29:51: [CSX] Could not load csstats file: cstrike\addons\amxmodx\data\csstats.dat
L 06/11/2026 - 00:34:05: GameConfig CRC computed engine=D9A5B505 (D:\cs16server\swds.dll)
L 06/11/2026 - 00:34:05: GameConfig CRC computed server=B6824DBA (D:\cs16server\cstrike\dlls\mp.dll)
L 06/11/2026 - 00:34:05: GameConfig CRC mismatch for game "*" section "*" library "engine" platform "windows" expected 2C9EDE6B got D9A5B505
L 06/11/2026 - 00:34:05: GameConfig CRC mismatch for game "*" section "*" library "engine" platform "windows" expected 2C9EDE6B got D9A5B505
L 06/11/2026 - 00:34:05: -------- Mapchange to awp_coco_v1 --------
L 06/11/2026 - 00:34:05: [CSX] Could not load csstats file: cstrike\addons\amxmodx\data\csstats.dat
L 06/11/2026 - 00:35:27: GameConfig CRC computed engine=D9A5B505 (D:\cs16server\swds.dll)
L 06/11/2026 - 00:35:27: GameConfig CRC computed server=B6824DBA (D:\cs16server\cstrike\dlls\mp.dll)
L 06/11/2026 - 00:35:27: GameConfig CRC mismatch for game "*" section "*" library "engine" platform "windows" expected 2C9EDE6B got D9A5B505
L 06/11/2026 - 00:35:27: GameConfig CRC mismatch for game "*" section "*" library "engine" platform "windows" expected 2C9EDE6B got D9A5B505
L 06/11/2026 - 00:35:27: -------- Mapchange to awp_coco_v1 --------
L 06/11/2026 - 00:35:27: [CSX] Could not load csstats file: cstrike\addons\amxmodx\data\csstats.dat
L 06/11/2026 - 00:53:57: GameConfig CRC computed engine=D9A5B505 (D:\cs16server\swds.dll)
L 06/11/2026 - 00:53:57: GameConfig CRC computed server=B6824DBA (D:\cs16server\cstrike\dlls\mp.dll)
L 06/11/2026 - 00:53:57: GameConfig CRC mismatch for game "*" section "*" library "engine" platform "windows" expected 2C9EDE6B got D9A5B505
L 06/11/2026 - 00:53:57: GameConfig CRC mismatch for game "*" section "*" library "engine" platform "windows" expected 2C9EDE6B got D9A5B505
L 06/11/2026 - 00:53:57: -------- Mapchange to awp_coco_v1 --------
L 06/11/2026 - 00:53:57: [CSX] Could not load csstats file: cstrike\addons\amxmodx\data\csstats.dat
