L 06/12/2026 - 01:43:08: GameConfig CRC computed engine=D9A5B505 (D:\cs16server\swds.dll)
L 06/12/2026 - 01:43:08: GameConfig CRC computed server=B6824DBA (D:\cs16server\cstrike\dlls\mp.dll)
L 06/12/2026 - 01:43:08: GameConfig CRC mismatch for game "*" section "*" library "engine" platform "windows" expected 2C9EDE6B got D9A5B505
L 06/12/2026 - 01:43:08: GameConfig CRC mismatch for game "*" section "*" library "engine" platform "windows" expected 2C9EDE6B got D9A5B505
L 06/12/2026 - 01:43:09: -------- Mapchange to awp_coco_v1 --------
L 06/12/2026 - 01:43:10: [CSX] Could not load csstats file: cstrike\addons\amxmodx\data\csstats.dat
L 06/12/2026 - 02:08:05: GameConfig CRC computed engine=D9A5B505 (D:\cs16server\swds.dll)
L 06/12/2026 - 02:08:05: GameConfig CRC computed server=B6824DBA (D:\cs16server\cstrike\dlls\mp.dll)
L 06/12/2026 - 02:08:05: GameConfig CRC mismatch for game "*" section "*" library "engine" platform "windows" expected 2C9EDE6B got D9A5B505
L 06/12/2026 - 02:08:05: GameConfig CRC mismatch for game "*" section "*" library "engine" platform "windows" expected 2C9EDE6B got D9A5B505
L 06/12/2026 - 02:08:05: -------- Mapchange to awp_coco_v1 --------
L 06/12/2026 - 02:08:05: [CSX] Could not load csstats file: cstrike\addons\amxmodx\data\csstats.dat
L 06/12/2026 - 02:20:16: GameConfig CRC computed engine=D9A5B505 (D:\cs16server\swds.dll)
L 06/12/2026 - 02:20:16: GameConfig CRC computed server=B6824DBA (D:\cs16server\cstrike\dlls\mp.dll)
L 06/12/2026 - 02:20:16: GameConfig CRC mismatch for game "*" section "*" library "engine" platform "windows" expected 2C9EDE6B got D9A5B505
L 06/12/2026 - 02:20:16: GameConfig CRC mismatch for game "*" section "*" library "engine" platform "windows" expected 2C9EDE6B got D9A5B505
L 06/12/2026 - 02:20:16: -------- Mapchange to awp_coco_v1 --------
L 06/12/2026 - 02:20:16: [CSX] Could not load csstats file: cstrike\addons\amxmodx\data\csstats.dat
L 06/12/2026 - 02:22:13: GameConfig CRC computed engine=D9A5B505 (D:\cs16server\swds.dll)
L 06/12/2026 - 02:22:13: GameConfig CRC computed server=B6824DBA (D:\cs16server\cstrike\dlls\mp.dll)
L 06/12/2026 - 02:22:13: GameConfig CRC mismatch for game "*" section "*" library "engine" platform "windows" expected 2C9EDE6B got D9A5B505
L 06/12/2026 - 02:22:13: GameConfig CRC mismatch for game "*" section "*" library "engine" platform "windows" expected 2C9EDE6B got D9A5B505
L 06/12/2026 - 02:22:13: -------- Mapchange to awp_coco_v1 --------
L 06/12/2026 - 02:22:13: [CSX] Could not load csstats file: cstrike\addons\amxmodx\data\csstats.dat
L 06/12/2026 - 02:27:24: GameConfig CRC computed engine=D9A5B505 (D:\cs16server\swds.dll)
L 06/12/2026 - 02:27:24: GameConfig CRC computed server=B6824DBA (D:\cs16server\cstrike\dlls\mp.dll)
L 06/12/2026 - 02:27:24: GameConfig CRC mismatch for game "*" section "*" library "engine" platform "windows" expected 2C9EDE6B got D9A5B505
L 06/12/2026 - 02:27:24: GameConfig CRC mismatch for game "*" section "*" library "engine" platform "windows" expected 2C9EDE6B got D9A5B505
L 06/12/2026 - 02:27:24: -------- Mapchange to awp_coco_v1 --------
L 06/12/2026 - 02:27:24: [CSX] Could not load csstats file: cstrike\addons\amxmodx\data\csstats.dat
L 06/12/2026 - 02:30:06: GameConfig CRC computed engine=D9A5B505 (D:\cs16server\swds.dll)
L 06/12/2026 - 02:30:06: GameConfig CRC computed server=B6824DBA (D:\cs16server\cstrike\dlls\mp.dll)
L 06/12/2026 - 02:30:06: GameConfig CRC mismatch for game "*" section "*" library "engine" platform "windows" expected 2C9EDE6B got D9A5B505
L 06/12/2026 - 02:30:06: GameConfig CRC mismatch for game "*" section "*" library "engine" platform "windows" expected 2C9EDE6B got D9A5B505
L 06/12/2026 - 02:30:06: -------- Mapchange to awp_coco_v1 --------
L 06/12/2026 - 02:30:07: [CSX] Could not load csstats file: cstrike\addons\amxmodx\data\csstats.dat
L 06/12/2026 - 14:07:23: GameConfig CRC computed engine=D9A5B505 (D:\cs16server\swds.dll)
L 06/12/2026 - 14:07:23: GameConfig CRC computed server=B6824DBA (D:\cs16server\cstrike\dlls\mp.dll)
L 06/12/2026 - 14:07:23: GameConfig CRC mismatch for game "*" section "*" library "engine" platform "windows" expected 2C9EDE6B got D9A5B505
L 06/12/2026 - 14:07:23: GameConfig CRC mismatch for game "*" section "*" library "engine" platform "windows" expected 2C9EDE6B got D9A5B505
L 06/12/2026 - 14:07:24: -------- Mapchange to awp_coco_v1 --------
L 06/12/2026 - 14:07:25: [CSX] Could not load csstats file: cstrike\addons\amxmodx\data\csstats.dat
L 06/12/2026 - 14:55:06: GameConfig CRC computed engine=D9A5B505 (D:\cs16server\swds.dll)
L 06/12/2026 - 14:55:06: GameConfig CRC computed server=B6824DBA (D:\cs16server\cstrike\dlls\mp.dll)
L 06/12/2026 - 14:55:06: GameConfig CRC mismatch for game "*" section "*" library "engine" platform "windows" expected 2C9EDE6B got D9A5B505
L 06/12/2026 - 14:55:06: GameConfig CRC mismatch for game "*" section "*" library "engine" platform "windows" expected 2C9EDE6B got D9A5B505
L 06/12/2026 - 14:55:06: -------- Mapchange to awp_coco_v1 --------
L 06/12/2026 - 14:55:06: [CSX] Could not load csstats file: cstrike\addons\amxmodx\data\csstats.dat
L 06/12/2026 - 15:01:04: GameConfig CRC computed engine=D9A5B505 (D:\cs16server\swds.dll)
L 06/12/2026 - 15:01:04: GameConfig CRC computed server=B6824DBA (D:\cs16server\cstrike\dlls\mp.dll)
L 06/12/2026 - 15:01:04: GameConfig CRC mismatch for game "*" section "*" library "engine" platform "windows" expected 2C9EDE6B got D9A5B505
L 06/12/2026 - 15:01:04: GameConfig CRC mismatch for game "*" section "*" library "engine" platform "windows" expected 2C9EDE6B got D9A5B505
L 06/12/2026 - 15:01:04: -------- Mapchange to awp_coco_v1 --------
L 06/12/2026 - 15:01:04: [CSX] Could not load csstats file: cstrike\addons\amxmodx\data\csstats.dat
L 06/12/2026 - 15:05:18: GameConfig CRC computed engine=D9A5B505 (D:\cs16server\swds.dll)
L 06/12/2026 - 15:05:18: GameConfig CRC computed server=B6824DBA (D:\cs16server\cstrike\dlls\mp.dll)
L 06/12/2026 - 15:05:18: GameConfig CRC mismatch for game "*" section "*" library "engine" platform "windows" expected 2C9EDE6B got D9A5B505
L 06/12/2026 - 15:05:18: GameConfig CRC mismatch for game "*" section "*" library "engine" platform "windows" expected 2C9EDE6B got D9A5B505
L 06/12/2026 - 15:05:18: -------- Mapchange to awp_coco_v1 --------
L 06/12/2026 - 15:05:18: [CSX] Could not load csstats file: cstrike\addons\amxmodx\data\csstats.dat
